<?xml version="1.0" encoding="utf-8"?><testsuites name="pytest tests"><testsuite name="pytest" errors="0" failures="0" skipped="0" tests="26" time="4.120" timestamp="2026-04-28T00:35:09.405411+00:00" hostname="agent-env-53beaefb-3936-4985-a68f-0991d34dcb15"><testcase classname="backend.tests.test_admin_dashboard.TestAdminAuthentication" name="test_admin_stats_requires_auth" time="0.186" /><testcase classname="backend.tests.test_admin_dashboard.TestAdminAuthentication" name="test_admin_stats_requires_admin_role" time="0.246" /><testcase classname="backend.tests.test_admin_dashboard.TestAdminAuthentication" name="test_admin_expert_usage_requires_auth" time="0.103" /><testcase classname="backend.tests.test_admin_dashboard.TestAdminAuthentication" name="test_admin_expert_usage_requires_admin_role" time="0.110" /><testcase classname="backend.tests.test_admin_dashboard.TestAdminAuthentication" name="test_admin_recent_signups_requires_auth" time="0.133" /><testcase classname="backend.tests.test_admin_dashboard.TestAdminAuthentication" name="test_admin_recent_signups_requires_admin_role" time="0.114" /><testcase classname="backend.tests.test_admin_dashboard.TestAdminAuthentication" name="test_admin_recent_transactions_requires_auth" time="0.150" /><testcase classname="backend.tests.test_admin_dashboard.TestAdminAuthentication" name="test_admin_recent_transactions_requires_admin_role" time="0.126" /><testcase classname="backend.tests.test_admin_dashboard.TestAdminAuthentication" name="test_admin_daily_signups_requires_auth" time="0.146" /><testcase classname="backend.tests.test_admin_dashboard.TestAdminAuthentication" name="test_admin_daily_signups_requires_admin_role" time="0.113" /><testcase classname="backend.tests.test_admin_dashboard.TestAdminStats" name="test_admin_stats_returns_user_counts" time="0.249" /><testcase classname="backend.tests.test_admin_dashboard.TestAdminStats" name="test_admin_stats_returns_revenue_data" time="0.111" /><testcase classname="backend.tests.test_admin_dashboard.TestAdminStats" name="test_admin_stats_returns_token_data" time="0.135" /><testcase classname="backend.tests.test_admin_dashboard.TestAdminStats" name="test_admin_stats_returns_engagement_data" time="0.166" /><testcase classname="backend.tests.test_admin_dashboard.TestAdminExpertUsage" name="test_expert_usage_returns_breakdown" time="0.278" /><testcase classname="backend.tests.test_admin_dashboard.TestAdminRecentSignups" name="test_recent_signups_returns_list" time="0.223" /><testcase classname="backend.tests.test_admin_dashboard.TestAdminRecentSignups" name="test_recent_signups_excludes_password_hash" time="0.128" /><testcase classname="backend.tests.test_admin_dashboard.TestAdminRecentSignups" name="test_recent_signups_has_required_fields" time="0.110" /><testcase classname="backend.tests.test_admin_dashboard.TestAdminRecentSignups" name="test_recent_signups_respects_limit" time="0.116" /><testcase classname="backend.tests.test_admin_dashboard.TestAdminRecentTransactions" name="test_recent_transactions_returns_list" time="0.242" /><testcase classname="backend.tests.test_admin_dashboard.TestAdminRecentTransactions" name="test_recent_transactions_has_required_fields" time="0.108" /><testcase classname="backend.tests.test_admin_dashboard.TestAdminRecentTransactions" name="test_recent_transactions_respects_limit" time="0.116" /><testcase classname="backend.tests.test_admin_dashboard.TestAdminDailySignups" name="test_daily_signups_returns_list" time="0.267" /><testcase classname="backend.tests.test_admin_dashboard.TestAdminDailySignups" name="test_daily_signups_has_required_fields" time="0.108" /><testcase classname="backend.tests.test_admin_dashboard.TestAdminDailySignups" name="test_daily_signups_returns_correct_days" time="0.128" /><testcase classname="backend.tests.test_admin_dashboard.TestAdminDailySignups" name="test_daily_signups_default_days" time="0.125" /></testsuite></testsuites>