<?xml version="1.0" encoding="utf-8"?><testsuites name="pytest tests"><testsuite name="pytest" errors="0" failures="0" skipped="0" tests="12" time="37.422" timestamp="2026-04-28T00:01:57.460510+00:00" hostname="agent-env-53beaefb-3936-4985-a68f-0991d34dcb15"><testcase classname="backend.tests.test_multi_expert.TestExpertsEndpoint" name="test_get_experts_returns_6_experts" time="0.233" /><testcase classname="backend.tests.test_multi_expert.TestExpertsEndpoint" name="test_experts_have_correct_names" time="0.161" /><testcase classname="backend.tests.test_multi_expert.TestExpertsEndpoint" name="test_experts_have_unique_colors" time="0.115" /><testcase classname="backend.tests.test_multi_expert.TestAnonymousChatWithPersonality" name="test_anonymous_chat_with_coder_personality" time="7.951" /><testcase classname="backend.tests.test_multi_expert.TestAnonymousChatWithPersonality" name="test_anonymous_chat_with_translator_personality" time="2.521" /><testcase classname="backend.tests.test_multi_expert.TestAnonymousChatWithPersonality" name="test_anonymous_chat_with_fitness_personality" time="6.181" /><testcase classname="backend.tests.test_multi_expert.TestAnonymousChatWithPersonality" name="test_anonymous_chat_with_judgy_personality" time="3.405" /><testcase classname="backend.tests.test_multi_expert.TestAnonymousChatWithPersonality" name="test_anonymous_chat_with_realtor_personality" time="4.558" /><testcase classname="backend.tests.test_multi_expert.TestAnonymousChatWithPersonality" name="test_anonymous_chat_with_social_personality" time="4.237" /><testcase classname="backend.tests.test_multi_expert.TestTokenPackages" name="test_get_token_packages_returns_3" time="0.147" /><testcase classname="backend.tests.test_multi_expert.TestAuthenticatedChatWithPersonality" name="test_authenticated_chat_with_coder_personality" time="6.999" /><testcase classname="backend.tests.test_multi_expert.TestStripeCheckout" name="test_token_checkout_creates_stripe_url" time="0.851" /></testsuite></testsuites>