<?xml version="1.0" encoding="utf-8"?><testsuites name="pytest tests"><testsuite name="pytest" errors="0" failures="0" skipped="0" tests="13" time="15.682" timestamp="2026-04-27T22:39:46.363278+00:00" hostname="agent-env-53beaefb-3936-4985-a68f-0991d34dcb15"><testcase classname="backend.tests.test_judgy_features.TestHealthAndBasics" name="test_api_root" time="0.231" /><testcase classname="backend.tests.test_judgy_features.TestTokenPackages" name="test_get_token_packages" time="0.130" /><testcase classname="backend.tests.test_judgy_features.TestAnonymousChat" name="test_anonymous_chat_success" time="2.597" /><testcase classname="backend.tests.test_judgy_features.TestAnonymousChat" name="test_anonymous_chat_limit" time="7.028" /><testcase classname="backend.tests.test_judgy_features.TestAuthAndTokens" name="test_login_existing_user" time="0.112" /><testcase classname="backend.tests.test_judgy_features.TestAuthAndTokens" name="test_token_balance_requires_auth" time="0.127" /><testcase classname="backend.tests.test_judgy_features.TestAuthAndTokens" name="test_token_balance_with_auth" time="0.234" /><testcase classname="backend.tests.test_judgy_features.TestAuthAndTokens" name="test_new_user_gets_50_tokens" time="0.124" /><testcase classname="backend.tests.test_judgy_features.TestTokenCheckout" name="test_token_checkout_requires_auth" time="0.117" /><testcase classname="backend.tests.test_judgy_features.TestTokenCheckout" name="test_token_checkout_creates_stripe_url" time="0.732" /><testcase classname="backend.tests.test_judgy_features.TestTokenCheckout" name="test_token_checkout_invalid_package" time="0.235" /><testcase classname="backend.tests.test_judgy_features.TestSubscriptionPlans" name="test_get_subscription_plans" time="0.146" /><testcase classname="backend.tests.test_judgy_features.TestAuthenticatedChat" name="test_authenticated_chat_deducts_token" time="3.805" /></testsuite></testsuites>