<?xml version="1.0" encoding="utf-8"?><testsuites name="pytest tests"><testsuite name="pytest" errors="0" failures="0" skipped="0" tests="17" time="5.789" timestamp="2026-02-16T03:22:31.929437+00:00" hostname="agent-env-80061dd1-049b-4da4-9dcf-fbeee12ad29c"><testcase classname="backend.tests.test_payment_security.TestHealthCheck" name="test_health_endpoint" time="0.288" /><testcase classname="backend.tests.test_payment_security.TestAuthEndpoints" name="test_registration" time="0.167" /><testcase classname="backend.tests.test_payment_security.TestAuthEndpoints" name="test_login_success" time="0.284" /><testcase classname="backend.tests.test_payment_security.TestAuthEndpoints" name="test_login_invalid_credentials" time="0.111" /><testcase classname="backend.tests.test_payment_security.TestSubscriptionSecurityFix" name="test_subscribe_standard_plan_rejected_with_403" time="0.320" /><testcase classname="backend.tests.test_payment_security.TestSubscriptionSecurityFix" name="test_subscribe_premium_plan_rejected_with_403" time="0.170" /><testcase classname="backend.tests.test_payment_security.TestSubscriptionSecurityFix" name="test_subscribe_free_plan_allowed" time="0.158" /><testcase classname="backend.tests.test_payment_security.TestSubscriptionSecurityFix" name="test_subscribe_invalid_plan_rejected_with_400" time="0.460" /><testcase classname="backend.tests.test_payment_security.TestSubscriptionSecurityFix" name="test_user_remains_on_free_after_rejected_upgrade" time="0.520" /><testcase classname="backend.tests.test_payment_security.TestCheckoutEndpoints" name="test_checkout_create_standard_plan_returns_stripe_url" time="0.797" /><testcase classname="backend.tests.test_payment_security.TestCheckoutEndpoints" name="test_checkout_create_premium_plan_returns_stripe_url" time="0.500" /><testcase classname="backend.tests.test_payment_security.TestCheckoutEndpoints" name="test_checkout_create_free_plan_switches_directly" time="0.130" /><testcase classname="backend.tests.test_payment_security.TestCheckoutEndpoints" name="test_checkout_status_requires_auth" time="0.165" /><testcase classname="backend.tests.test_payment_security.TestCheckoutEndpoints" name="test_checkout_status_nonexistent_session_returns_404" time="0.118" /><testcase classname="backend.tests.test_payment_security.TestCheckoutSecurityOwnership" name="test_user_can_check_own_session" time="1.081" /><testcase classname="backend.tests.test_payment_security.TestCheckoutSecurityOwnership" name="test_user_cannot_check_other_user_session" time="0.271" /><testcase classname="backend.tests.test_payment_security.TestSubscriptionPlans" name="test_get_plans_returns_all_plans" time="0.144" /></testsuite></testsuites>